This file contains any messages produced by compilers while
running configure, to aid debugging if configure makes a mistake.

It was created by SPTK configure 3.10, which was
generated by GNU Autoconf 2.69.  Invocation command line was

  $ ./configure --prefix=/home/disk1/zhangyuchao/extract_features_using_world/tools/SPTK-3.10/build

## --------- ##
## Platform. ##
## --------- ##

hostname = node1-cluster
uname -m = x86_64
uname -r = 3.16.0-77-generic
uname -s = Linux
uname -v = #99~14.04.1-Ubuntu SMP Tue Jun 28 19:17:10 UTC 2016

/usr/bin/uname -p = unknown
/bin/uname -X     = unknown

/bin/arch              = unknown
/usr/bin/arch -k       = unknown
/usr/convex/getsysinfo = unknown
/usr/bin/hostinfo      = unknown
/bin/machine           = unknown
/usr/bin/oslevel       = unknown
/bin/universe          = unknown

PATH: /home/disk1/zhangyuchao/.pyenv/plugins/pyenv-virtualenv/shims
PATH: /home/disk1/zhangyuchao/.pyenv/shims
PATH: /home/disk1/zhangyuchao/.pyenv/bin
PATH: /home/disk1/zhangyuchao/bin/speech_tools/main
PATH: /home/disk1/zhangyuchao/bin/SPTK/bin
PATH: /home/disk1/zhangyuchao/bin/htk
PATH: /home/disk1/zhangyuchao/bin
PATH: /usr/local/sbin
PATH: /usr/local/MATLAB/R2014b/bin
PATH: /usr/local/bin
PATH: /usr/sbin
PATH: /usr/bin
PATH: /sbin
PATH: /bin
PATH: /usr/games
PATH: /usr/local/games
PATH: /usr/local/cuda/bin


## ----------- ##
## Core tests. ##
## ----------- ##

configure:2356: checking for a BSD-compatible install
configure:2424: result: /usr/bin/install -c
configure:2435: checking whether build environment is sane
configure:2490: result: yes
configure:2641: checking for a thread-safe mkdir -p
configure:2680: result: /bin/mkdir -p
configure:2687: checking for gawk
configure:2703: found /usr/bin/gawk
configure:2714: result: gawk
configure:2725: checking whether make sets $(MAKE)
configure:2747: result: yes
configure:2776: checking whether make supports nested variables
configure:2793: result: yes
configure:2971: checking for gcc
configure:2987: found /usr/bin/gcc
configure:2998: result: gcc
configure:3227: checking for C compiler version
configure:3236: gcc --version >&5
gcc (Ubuntu 4.8.4-2ubuntu1~14.04.3) 4.8.4
Copyright (C) 2013 Free Software Foundation, Inc.
This is free software; see the source for copying conditions.  There is NO
warranty; not even for MERCHANTABILITY or FITNESS FOR A PARTICULAR PURPOSE.

configure:3247: $? = 0
configure:3236: gcc -v >&5
Using built-in specs.
COLLECT_GCC=gcc
COLLECT_LTO_WRAPPER=/usr/lib/gcc/x86_64-linux-gnu/4.8/lto-wrapper
Target: x86_64-linux-gnu
Configured with: ../src/configure -v --with-pkgversion='Ubuntu 4.8.4-2ubuntu1~14.04.3' --with-bugurl=file:///usr/share/doc/gcc-4.8/README.Bugs --enable-languages=c,c++,java,go,d,fortran,objc,obj-c++ --prefix=/usr --program-suffix=-4.8 --enable-shared --enable-linker-build-id --libexecdir=/usr/lib --without-included-gettext --enable-threads=posix --with-gxx-include-dir=/usr/include/c++/4.8 --libdir=/usr/lib --enable-nls --with-sysroot=/ --enable-clocale=gnu --enable-libstdcxx-debug --enable-libstdcxx-time=yes --enable-gnu-unique-object --disable-libmudflap --enable-plugin --with-system-zlib --disable-browser-plugin --enable-java-awt=gtk --enable-gtk-cairo --with-java-home=/usr/lib/jvm/java-1.5.0-gcj-4.8-amd64/jre --enable-java-home --with-jvm-root-dir=/usr/lib/jvm/java-1.5.0-gcj-4.8-amd64 --with-jvm-jar-dir=/usr/lib/jvm-exports/java-1.5.0-gcj-4.8-amd64 --with-arch-directory=amd64 --with-ecj-jar=/usr/share/java/eclipse-ecj.jar --enable-objc-gc --enable-multiarch --disable-werror --with-arch-32=i686 --with-abi=m64 --with-multilib-list=m32,m64,mx32 --with-tune=generic --enable-checking=release --build=x86_64-linux-gnu --host=x86_64-linux-gnu --target=x86_64-linux-gnu
Thread model: posix
gcc version 4.8.4 (Ubuntu 4.8.4-2ubuntu1~14.04.3) 
configure:3247: $? = 0
configure:3236: gcc -V >&5
gcc: error: unrecognized command line option '-V'
gcc: fatal error: no input files
compilation terminated.
configure:3247: $? = 4
configure:3236: gcc -qversion >&5
gcc: error: unrecognized command line option '-qversion'
gcc: fatal error: no input files
compilation terminated.
configure:3247: $? = 4
configure:3267: checking whether the C compiler works
configure:3289: gcc    conftest.c  >&5
configure:3293: $? = 0
configure:3341: result: yes
configure:3344: checking for C compiler default output file name
configure:3346: result: a.out
configure:3352: checking for suffix of executables
configure:3359: gcc -o conftest    conftest.c  >&5
configure:3363: $? = 0
configure:3385: result: 
configure:3407: checking whether we are cross compiling
configure:3415: gcc -o conftest    conftest.c  >&5
configure:3419: $? = 0
configure:3426: ./conftest
configure:3430: $? = 0
configure:3445: result: no
configure:3450: checking for suffix of object files
configure:3472: gcc -c   conftest.c >&5
configure:3476: $? = 0
configure:3497: result: o
configure:3501: checking whether we are using the GNU C compiler
configure:3520: gcc -c   conftest.c >&5
configure:3520: $? = 0
configure:3529: result: yes
configure:3538: checking whether gcc accepts -g
configure:3558: gcc -c -g  conftest.c >&5
configure:3558: $? = 0
configure:3599: result: yes
configure:3616: checking for gcc option to accept ISO C89
configure:3679: gcc  -c -g -O2  conftest.c >&5
configure:3679: $? = 0
configure:3692: result: none needed
configure:3717: checking whether gcc understands -c and -o together
configure:3739: gcc -c conftest.c -o conftest2.o
configure:3742: $? = 0
configure:3739: gcc -c conftest.c -o conftest2.o
configure:3742: $? = 0
configure:3754: result: yes
configure:3782: checking for style of include used by make
configure:3810: result: GNU
configure:3836: checking dependency style of gcc
configure:3947: result: gcc3
configure:4021: checking for g++
configure:4037: found /usr/bin/g++
configure:4048: result: g++
configure:4075: checking for C++ compiler version
configure:4084: g++ --version >&5
g++ (Ubuntu 4.8.4-2ubuntu1~14.04.3) 4.8.4
Copyright (C) 2013 Free Software Foundation, Inc.
This is free software; see the source for copying conditions.  There is NO
warranty; not even for MERCHANTABILITY or FITNESS FOR A PARTICULAR PURPOSE.

configure:4095: $? = 0
configure:4084: g++ -v >&5
Using built-in specs.
COLLECT_GCC=g++
COLLECT_LTO_WRAPPER=/usr/lib/gcc/x86_64-linux-gnu/4.8/lto-wrapper
Target: x86_64-linux-gnu
Configured with: ../src/configure -v --with-pkgversion='Ubuntu 4.8.4-2ubuntu1~14.04.3' --with-bugurl=file:///usr/share/doc/gcc-4.8/README.Bugs --enable-languages=c,c++,java,go,d,fortran,objc,obj-c++ --prefix=/usr --program-suffix=-4.8 --enable-shared --enable-linker-build-id --libexecdir=/usr/lib --without-included-gettext --enable-threads=posix --with-gxx-include-dir=/usr/include/c++/4.8 --libdir=/usr/lib --enable-nls --with-sysroot=/ --enable-clocale=gnu --enable-libstdcxx-debug --enable-libstdcxx-time=yes --enable-gnu-unique-object --disable-libmudflap --enable-plugin --with-system-zlib --disable-browser-plugin --enable-java-awt=gtk --enable-gtk-cairo --with-java-home=/usr/lib/jvm/java-1.5.0-gcj-4.8-amd64/jre --enable-java-home --with-jvm-root-dir=/usr/lib/jvm/java-1.5.0-gcj-4.8-amd64 --with-jvm-jar-dir=/usr/lib/jvm-exports/java-1.5.0-gcj-4.8-amd64 --with-arch-directory=amd64 --with-ecj-jar=/usr/share/java/eclipse-ecj.jar --enable-objc-gc --enable-multiarch --disable-werror --with-arch-32=i686 --with-abi=m64 --with-multilib-list=m32,m64,mx32 --with-tune=generic --enable-checking=release --build=x86_64-linux-gnu --host=x86_64-linux-gnu --target=x86_64-linux-gnu
Thread model: posix
gcc version 4.8.4 (Ubuntu 4.8.4-2ubuntu1~14.04.3) 
configure:4095: $? = 0
configure:4084: g++ -V >&5
g++: error: unrecognized command line option '-V'
g++: fatal error: no input files
compilation terminated.
configure:4095: $? = 4
configure:4084: g++ -qversion >&5
g++: error: unrecognized command line option '-qversion'
g++: fatal error: no input files
compilation terminated.
configure:4095: $? = 4
configure:4099: checking whether we are using the GNU C++ compiler
configure:4118: g++ -c   conftest.cpp >&5
configure:4118: $? = 0
configure:4127: result: yes
configure:4136: checking whether g++ accepts -g
configure:4156: g++ -c -g  conftest.cpp >&5
configure:4156: $? = 0
configure:4197: result: yes
configure:4222: checking dependency style of g++
configure:4333: result: gcc3
configure:4349: checking whether ln -s works
configure:4353: result: yes
configure:4403: checking for ranlib
configure:4419: found /usr/bin/ranlib
configure:4430: result: ranlib
configure:4498: checking for ar
configure:4514: found /usr/bin/ar
configure:4525: result: ar
configure:4549: checking for csh
configure:4567: found /bin/csh
configure:4580: result: /bin/csh
configure:4594: checking for log in -lm
configure:4619: gcc -o conftest -g -O2   conftest.c -lm   >&5
conftest.c:18:6: warning: conflicting types for built-in function 'log' [enabled by default]
 char log ();
      ^
configure:4619: $? = 0
configure:4628: result: yes
configure:4648: checking how to run the C preprocessor
configure:4679: gcc -E  conftest.c
configure:4679: $? = 0
configure:4693: gcc -E  conftest.c
conftest.c:12:28: fatal error: ac_nonexistent.h: No such file or directory
 #include <ac_nonexistent.h>
                            ^
compilation terminated.
configure:4693: $? = 1
configure: failed program was:
| /* confdefs.h */
| #define PACKAGE_NAME "SPTK"
| #define PACKAGE_TARNAME "SPTK"
| #define PACKAGE_VERSION "3.10"
| #define PACKAGE_STRING "SPTK 3.10"
| #define PACKAGE_BUGREPORT "http://sourceforge.net/projects/sp-tk/"
| #define PACKAGE_URL ""
| #define PACKAGE "SPTK"
| #define VERSION "3.10"
| #define HAVE_LIBM 1
| /* end confdefs.h.  */
| #include <ac_nonexistent.h>
configure:4718: result: gcc -E
configure:4738: gcc -E  conftest.c
configure:4738: $? = 0
configure:4752: gcc -E  conftest.c
conftest.c:12:28: fatal error: ac_nonexistent.h: No such file or directory
 #include <ac_nonexistent.h>
                            ^
compilation terminated.
configure:4752: $? = 1
configure: failed program was:
| /* confdefs.h */
| #define PACKAGE_NAME "SPTK"
| #define PACKAGE_TARNAME "SPTK"
| #define PACKAGE_VERSION "3.10"
| #define PACKAGE_STRING "SPTK 3.10"
| #define PACKAGE_BUGREPORT "http://sourceforge.net/projects/sp-tk/"
| #define PACKAGE_URL ""
| #define PACKAGE "SPTK"
| #define VERSION "3.10"
| #define HAVE_LIBM 1
| /* end confdefs.h.  */
| #include <ac_nonexistent.h>
configure:4781: checking for X
configure:4889: gcc -E  conftest.c
configure:4889: $? = 0
configure:4920: gcc -o conftest -g -O2   conftest.c -lX11 -lm  >&5
configure:4920: $? = 0
configure:4970: result: libraries , headers 
configure:5069: gcc -o conftest -g -O2   conftest.c -lm   -lX11 >&5
configure:5069: $? = 0
configure:5167: checking for gethostbyname
configure:5167: gcc -o conftest -g -O2   conftest.c -lm  >&5
configure:5167: $? = 0
configure:5167: result: yes
configure:5264: checking for connect
configure:5264: gcc -o conftest -g -O2   conftest.c -lm  >&5
configure:5264: $? = 0
configure:5264: result: yes
configure:5313: checking for remove
configure:5313: gcc -o conftest -g -O2   conftest.c -lm  >&5
configure:5313: $? = 0
configure:5313: result: yes
configure:5362: checking for shmat
configure:5362: gcc -o conftest -g -O2   conftest.c -lm  >&5
configure:5362: $? = 0
configure:5362: result: yes
configure:5420: checking for IceConnectionNumber in -lICE
configure:5445: gcc -o conftest -g -O2   conftest.c -lICE  -lm  >&5
configure:5445: $? = 0
configure:5454: result: yes
configure:5486: checking for grep that handles long lines and -e
configure:5544: result: /bin/grep
configure:5549: checking for egrep
configure:5611: result: /bin/grep -E
configure:5616: checking for ANSI C header files
configure:5636: gcc -c -g -O2  conftest.c >&5
configure:5636: $? = 0
configure:5709: gcc -o conftest -g -O2   conftest.c -lm  >&5
configure:5709: $? = 0
configure:5709: ./conftest
configure:5709: $? = 0
configure:5720: result: yes
configure:5733: checking for sys/types.h
configure:5733: gcc -c -g -O2  conftest.c >&5
configure:5733: $? = 0
configure:5733: result: yes
configure:5733: checking for sys/stat.h
configure:5733: gcc -c -g -O2  conftest.c >&5
configure:5733: $? = 0
configure:5733: result: yes
configure:5733: checking for stdlib.h
configure:5733: gcc -c -g -O2  conftest.c >&5
configure:5733: $? = 0
configure:5733: result: yes
configure:5733: checking for string.h
configure:5733: gcc -c -g -O2  conftest.c >&5
configure:5733: $? = 0
configure:5733: result: yes
configure:5733: checking for memory.h
configure:5733: gcc -c -g -O2  conftest.c >&5
configure:5733: $? = 0
configure:5733: result: yes
configure:5733: checking for strings.h
configure:5733: gcc -c -g -O2  conftest.c >&5
configure:5733: $? = 0
configure:5733: result: yes
configure:5733: checking for inttypes.h
configure:5733: gcc -c -g -O2  conftest.c >&5
configure:5733: $? = 0
configure:5733: result: yes
configure:5733: checking for stdint.h
configure:5733: gcc -c -g -O2  conftest.c >&5
configure:5733: $? = 0
configure:5733: result: yes
configure:5733: checking for unistd.h
configure:5733: gcc -c -g -O2  conftest.c >&5
configure:5733: $? = 0
configure:5733: result: yes
configure:5748: checking fcntl.h usability
configure:5748: gcc -c -g -O2  conftest.c >&5
configure:5748: $? = 0
configure:5748: result: yes
configure:5748: checking fcntl.h presence
configure:5748: gcc -E  conftest.c
configure:5748: $? = 0
configure:5748: result: yes
configure:5748: checking for fcntl.h
configure:5748: result: yes
configure:5748: checking limits.h usability
configure:5748: gcc -c -g -O2  conftest.c >&5
configure:5748: $? = 0
configure:5748: result: yes
configure:5748: checking limits.h presence
configure:5748: gcc -E  conftest.c
configure:5748: $? = 0
configure:5748: result: yes
configure:5748: checking for limits.h
configure:5748: result: yes
configure:5748: checking for stdlib.h
configure:5748: result: yes
configure:5748: checking for string.h
configure:5748: result: yes
configure:5748: checking for strings.h
configure:5748: result: yes
configure:5748: checking sys/ioctl.h usability
configure:5748: gcc -c -g -O2  conftest.c >&5
configure:5748: $? = 0
configure:5748: result: yes
configure:5748: checking sys/ioctl.h presence
configure:5748: gcc -E  conftest.c
configure:5748: $? = 0
configure:5748: result: yes
configure:5748: checking for sys/ioctl.h
configure:5748: result: yes
configure:5761: checking for an ANSI C-conforming const
configure:5827: gcc -c -g -O2  conftest.c >&5
configure:5827: $? = 0
configure:5834: result: yes
configure:5842: checking for size_t
configure:5842: gcc -c -g -O2  conftest.c >&5
configure:5842: $? = 0
configure:5842: gcc -c -g -O2  conftest.c >&5
conftest.c: In function 'main':
conftest.c:64:21: error: expected expression before ')' token
 if (sizeof ((size_t)))
                     ^
configure:5842: $? = 1
configure: failed program was:
| /* confdefs.h */
| #define PACKAGE_NAME "SPTK"
| #define PACKAGE_TARNAME "SPTK"
| #define PACKAGE_VERSION "3.10"
| #define PACKAGE_STRING "SPTK 3.10"
| #define PACKAGE_BUGREPORT "http://sourceforge.net/projects/sp-tk/"
| #define PACKAGE_URL ""
| #define PACKAGE "SPTK"
| #define VERSION "3.10"
| #define HAVE_LIBM 1
| #define STDC_HEADERS 1
| #define HAVE_SYS_TYPES_H 1
| #define HAVE_SYS_STAT_H 1
| #define HAVE_STDLIB_H 1
| #define HAVE_STRING_H 1
| #define HAVE_MEMORY_H 1
| #define HAVE_STRINGS_H 1
| #define HAVE_INTTYPES_H 1
| #define HAVE_STDINT_H 1
| #define HAVE_UNISTD_H 1
| #define HAVE_FCNTL_H 1
| #define HAVE_LIMITS_H 1
| #define HAVE_STDLIB_H 1
| #define HAVE_STRING_H 1
| #define HAVE_STRINGS_H 1
| #define HAVE_SYS_IOCTL_H 1
| /* end confdefs.h.  */
| #include <stdio.h>
| #ifdef HAVE_SYS_TYPES_H
| # include <sys/types.h>
| #endif
| #ifdef HAVE_SYS_STAT_H
| # include <sys/stat.h>
| #endif
| #ifdef STDC_HEADERS
| # include <stdlib.h>
| # include <stddef.h>
| #else
| # ifdef HAVE_STDLIB_H
| #  include <stdlib.h>
| # endif
| #endif
| #ifdef HAVE_STRING_H
| # if !defined STDC_HEADERS && defined HAVE_MEMORY_H
| #  include <memory.h>
| # endif
| # include <string.h>
| #endif
| #ifdef HAVE_STRINGS_H
| # include <strings.h>
| #endif
| #ifdef HAVE_INTTYPES_H
| # include <inttypes.h>
| #endif
| #ifdef HAVE_STDINT_H
| # include <stdint.h>
| #endif
| #ifdef HAVE_UNISTD_H
| # include <unistd.h>
| #endif
| int
| main ()
| {
| if (sizeof ((size_t)))
| 	    return 0;
|   ;
|   return 0;
| }
configure:5842: result: yes
configure:5859: checking build system type
configure:5873: result: x86_64-unknown-linux-gnu
configure:5893: checking host system type
configure:5906: result: x86_64-unknown-linux-gnu
configure:5929: checking whether gcc needs -traditional
configure:5963: result: no
configure:5972: checking for stdlib.h
configure:5972: result: yes
configure:5982: checking for GNU libc compatible malloc
configure:6006: gcc -o conftest -g -O2   conftest.c -lm  >&5
configure:6006: $? = 0
configure:6006: ./conftest
configure:6006: $? = 0
configure:6016: result: yes
configure:6037: checking for working strtod
configure:6078: gcc -o conftest -g -O2   conftest.c -lm  >&5
configure:6078: $? = 0
configure:6078: ./conftest
configure:6078: $? = 0
configure:6088: result: yes
configure:6150: checking for pow
configure:6150: gcc -o conftest -g -O2   conftest.c -lm  >&5
conftest.c:53:6: warning: conflicting types for built-in function 'pow' [enabled by default]
 char pow ();
      ^
configure:6150: $? = 0
configure:6150: result: yes
configure:6157: checking for sqrt
configure:6157: gcc -o conftest -g -O2   conftest.c -lm  >&5
conftest.c:53:6: warning: conflicting types for built-in function 'sqrt' [enabled by default]
 char sqrt ();
      ^
configure:6157: $? = 0
configure:6157: result: yes
configure:6170: checking for bzero
configure:6170: gcc -o conftest -g -O2   conftest.c -lm  >&5
conftest.c:53:6: warning: conflicting types for built-in function 'bzero' [enabled by default]
 char bzero ();
      ^
configure:6170: $? = 0
configure:6170: result: yes
configure:6170: checking for memset
configure:6170: gcc -o conftest -g -O2   conftest.c -lm  >&5
conftest.c:54:6: warning: conflicting types for built-in function 'memset' [enabled by default]
 char memset ();
      ^
configure:6170: $? = 0
configure:6170: result: yes
configure:6182: checking for strrchr
configure:6182: gcc -o conftest -g -O2   conftest.c -lm  >&5
conftest.c:55:6: warning: conflicting types for built-in function 'strrchr' [enabled by default]
 char strrchr ();
      ^
configure:6182: $? = 0
configure:6182: result: yes
configure:6182: checking for rindex
configure:6182: gcc -o conftest -g -O2   conftest.c -lm  >&5
conftest.c:56:6: warning: conflicting types for built-in function 'rindex' [enabled by default]
 char rindex ();
      ^
configure:6182: $? = 0
configure:6182: result: yes
configure:6237: checking audio device
configure:6283: result: linux
configure:6285: checking sys/soundcard.h usability
configure:6285: gcc -c -g -O2  conftest.c >&5
configure:6285: $? = 0
configure:6285: result: yes
configure:6285: checking sys/soundcard.h presence
configure:6285: gcc -E  conftest.c
configure:6285: $? = 0
configure:6285: result: yes
configure:6285: checking for sys/soundcard.h
configure:6285: result: yes
configure:6567: checking that generated files are newer than configure
configure:6573: result: done
configure:6636: creating ./config.status

## ---------------------- ##
## Running config.status. ##
## ---------------------- ##

This file was extended by SPTK config.status 3.10, which was
generated by GNU Autoconf 2.69.  Invocation command line was

  CONFIG_FILES    = 
  CONFIG_HEADERS  = 
  CONFIG_LINKS    = 
  CONFIG_COMMANDS = 
  $ ./config.status 

on node1-cluster

config.status:934: creating Makefile
config.status:934: creating bin/Makefile
config.status:934: creating bin/acep/Makefile
config.status:934: creating bin/acorr/Makefile
config.status:934: creating bin/agcep/Makefile
config.status:934: creating bin/amcep/Makefile
config.status:934: creating bin/average/Makefile
config.status:934: creating bin/b2mc/Makefile
config.status:934: creating bin/bcp/Makefile
config.status:934: creating bin/bcut/Makefile
config.status:934: creating bin/c2acr/Makefile
config.status:934: creating bin/c2ir/Makefile
config.status:934: creating bin/c2ndps/Makefile
config.status:934: creating bin/c2sp/Makefile
config.status:934: creating bin/cat2/Makefile
config.status:934: creating bin/cdist/Makefile
config.status:934: creating bin/clip/Makefile
config.status:934: creating bin/da/Makefile
config.status:934: creating bin/dct/Makefile
config.status:934: creating bin/decimate/Makefile
config.status:934: creating bin/delay/Makefile
config.status:934: creating bin/delta/Makefile
config.status:934: creating bin/df2/Makefile
config.status:934: creating bin/dfs/Makefile
config.status:934: creating bin/dmp/Makefile
config.status:934: creating bin/ds/Makefile
config.status:934: creating bin/dtw/Makefile
config.status:934: creating bin/echo2/Makefile
config.status:934: creating bin/excite/Makefile
config.status:934: creating bin/extract/Makefile
config.status:934: creating bin/fd/Makefile
config.status:934: creating bin/fft/Makefile
config.status:934: creating bin/fft2/Makefile
config.status:934: creating bin/fftcep/Makefile
config.status:934: creating bin/fftr/Makefile
config.status:934: creating bin/fftr2/Makefile
config.status:934: creating bin/fig+fdrw/Makefile
config.status:934: creating bin/frame/Makefile
config.status:934: creating bin/freqt/Makefile
config.status:934: creating bin/gc2gc/Makefile
config.status:934: creating bin/gcep/Makefile
config.status:934: creating bin/glsadf/Makefile
config.status:934: creating bin/gmm/Makefile
config.status:934: creating bin/gnorm/Makefile
config.status:934: creating bin/grpdelay/Makefile
config.status:934: creating bin/histogram/Makefile
config.status:934: creating bin/idct/Makefile
config.status:934: creating bin/ifft/Makefile
config.status:934: creating bin/ifftr/Makefile
config.status:934: creating bin/ifft2/Makefile
config.status:934: creating bin/ignorm/Makefile
config.status:934: creating bin/impulse/Makefile
config.status:934: creating bin/imsvq/Makefile
config.status:934: creating bin/interpolate/Makefile
config.status:934: creating bin/ivq/Makefile
config.status:934: creating bin/lbg/Makefile
config.status:934: creating bin/levdur/Makefile
config.status:934: creating bin/linear_intpl/Makefile
config.status:934: creating bin/lmadf/Makefile
config.status:934: creating bin/lpc/Makefile
config.status:934: creating bin/lpc2c/Makefile
config.status:934: creating bin/lpc2lsp/Makefile
config.status:934: creating bin/lpc2par/Makefile
config.status:934: creating bin/lsp2lpc/Makefile
config.status:934: creating bin/lsp2sp/Makefile
config.status:934: creating bin/lspcheck/Makefile
config.status:934: creating bin/lspdf/Makefile
config.status:934: creating bin/ltcdf/Makefile
config.status:934: creating bin/mc2b/Makefile
config.status:934: creating bin/mcep/Makefile
config.status:934: creating bin/merge/Makefile
config.status:934: creating bin/mfcc/Makefile
config.status:934: creating bin/mgc2mgc/Makefile
config.status:934: creating bin/mgc2sp/Makefile
config.status:934: creating bin/mgclsp2sp/Makefile
config.status:934: creating bin/mgcep/Makefile
config.status:934: creating bin/mglsadf/Makefile
config.status:934: creating bin/minmax/Makefile
config.status:934: creating bin/mlpg/Makefile
config.status:934: creating bin/mlsacheck/Makefile
config.status:934: creating bin/mlsadf/Makefile
config.status:934: creating bin/msvq/Makefile
config.status:934: creating bin/nan/Makefile
config.status:934: creating bin/ndps2c/Makefile
config.status:934: creating bin/norm0/Makefile
config.status:934: creating bin/nrand/Makefile
config.status:934: creating bin/par2lpc/Makefile
config.status:934: creating bin/pca/Makefile
config.status:934: creating bin/phase/Makefile
config.status:934: creating bin/pitch/Makefile
config.status:934: creating bin/pitch_mark/Makefile
config.status:934: creating bin/poledf/Makefile
config.status:934: creating bin/psgr/Makefile
config.status:934: creating bin/ramp/Makefile
config.status:934: creating bin/rawtowav/Makefile
config.status:934: creating bin/reverse/Makefile
config.status:934: creating bin/rmse/Makefile
config.status:934: creating bin/root_pol/Makefile
config.status:934: creating bin/sin/Makefile
config.status:934: creating bin/smcep/Makefile
config.status:934: creating bin/snr/Makefile
config.status:934: creating bin/sopr/Makefile
config.status:934: creating bin/spec/Makefile
config.status:934: creating bin/step/Makefile
config.status:934: creating bin/swab/Makefile
config.status:934: creating bin/symmetrize/Makefile
config.status:934: creating bin/train/Makefile
config.status:934: creating bin/transpose/Makefile
config.status:934: creating bin/uels/Makefile
config.status:934: creating bin/ulaw/Makefile
config.status:934: creating bin/us/Makefile
config.status:934: creating bin/vc/Makefile
config.status:934: creating bin/vopr/Makefile
config.status:934: creating bin/vq/Makefile
config.status:934: creating bin/vstat/Makefile
config.status:934: creating bin/vsum/Makefile
config.status:934: creating bin/wavjoin/Makefile
config.status:934: creating bin/wavsplit/Makefile
config.status:934: creating bin/window/Makefile
config.status:934: creating bin/x2x/Makefile
config.status:934: creating bin/xgr/Makefile
config.status:934: creating bin/zcross/Makefile
config.status:934: creating bin/zerodf/Makefile
config.status:934: creating include/Makefile
config.status:934: creating lib/Makefile
config.status:934: creating script/Makefile
config.status:1106: executing depfiles commands

## ---------------- ##
## Cache variables. ##
## ---------------- ##

ac_cv_build=x86_64-unknown-linux-gnu
ac_cv_c_compiler_gnu=yes
ac_cv_c_const=yes
ac_cv_cxx_compiler_gnu=yes
ac_cv_env_CCC_set=
ac_cv_env_CCC_value=
ac_cv_env_CC_set=
ac_cv_env_CC_value=
ac_cv_env_CFLAGS_set=
ac_cv_env_CFLAGS_value=
ac_cv_env_CPPFLAGS_set=
ac_cv_env_CPPFLAGS_value=
ac_cv_env_CPP_set=
ac_cv_env_CPP_value=
ac_cv_env_CXXFLAGS_set=
ac_cv_env_CXXFLAGS_value=
ac_cv_env_CXX_set=
ac_cv_env_CXX_value=
ac_cv_env_LDFLAGS_set=
ac_cv_env_LDFLAGS_value=
ac_cv_env_LIBS_set=
ac_cv_env_LIBS_value=
ac_cv_env_XMKMF_set=
ac_cv_env_XMKMF_value=
ac_cv_env_build_alias_set=
ac_cv_env_build_alias_value=
ac_cv_env_host_alias_set=
ac_cv_env_host_alias_value=
ac_cv_env_target_alias_set=
ac_cv_env_target_alias_value=
ac_cv_func_bzero=yes
ac_cv_func_connect=yes
ac_cv_func_gethostbyname=yes
ac_cv_func_malloc_0_nonnull=yes
ac_cv_func_memset=yes
ac_cv_func_pow=yes
ac_cv_func_remove=yes
ac_cv_func_rindex=yes
ac_cv_func_shmat=yes
ac_cv_func_sqrt=yes
ac_cv_func_strrchr=yes
ac_cv_func_strtod=yes
ac_cv_have_x='have_x=yes	ac_x_includes='\'''\''	ac_x_libraries='\'''\'''
ac_cv_header_fcntl_h=yes
ac_cv_header_inttypes_h=yes
ac_cv_header_limits_h=yes
ac_cv_header_memory_h=yes
ac_cv_header_stdc=yes
ac_cv_header_stdint_h=yes
ac_cv_header_stdlib_h=yes
ac_cv_header_string_h=yes
ac_cv_header_strings_h=yes
ac_cv_header_sys_ioctl_h=yes
ac_cv_header_sys_soundcard_h=yes
ac_cv_header_sys_stat_h=yes
ac_cv_header_sys_types_h=yes
ac_cv_header_unistd_h=yes
ac_cv_host=x86_64-unknown-linux-gnu
ac_cv_lib_ICE_IceConnectionNumber=yes
ac_cv_lib_m_log=yes
ac_cv_objext=o
ac_cv_path_CSH=/bin/csh
ac_cv_path_EGREP='/bin/grep -E'
ac_cv_path_GREP=/bin/grep
ac_cv_path_install='/usr/bin/install -c'
ac_cv_path_mkdir=/bin/mkdir
ac_cv_prog_AWK=gawk
ac_cv_prog_CPP='gcc -E'
ac_cv_prog_ac_ct_AR=ar
ac_cv_prog_ac_ct_CC=gcc
ac_cv_prog_ac_ct_CXX=g++
ac_cv_prog_ac_ct_RANLIB=ranlib
ac_cv_prog_cc_c89=
ac_cv_prog_cc_g=yes
ac_cv_prog_cxx_g=yes
ac_cv_prog_gcc_traditional=no
ac_cv_prog_make_make_set=yes
ac_cv_type_size_t=yes
am_cv_CC_dependencies_compiler_type=gcc3
am_cv_CXX_dependencies_compiler_type=gcc3
am_cv_make_support_nested_variables=yes
am_cv_prog_cc_c_o=yes

## ----------------- ##
## Output variables. ##
## ----------------- ##

ACLOCAL='${SHELL} /home/disk1/zhangyuchao/extract_features_using_world/tools/SPTK-3.10/config/missing aclocal-1.15'
AMDEPBACKSLASH='\'
AMDEP_FALSE='#'
AMDEP_TRUE=''
AMTAR='$${TAR-tar}'
AM_BACKSLASH='\'
AM_DEFAULT_V='$(AM_DEFAULT_VERBOSITY)'
AM_DEFAULT_VERBOSITY='1'
AM_V='$(V)'
AR='ar'
AUTOCONF='${SHELL} /home/disk1/zhangyuchao/extract_features_using_world/tools/SPTK-3.10/config/missing autoconf'
AUTOHEADER='${SHELL} /home/disk1/zhangyuchao/extract_features_using_world/tools/SPTK-3.10/config/missing autoheader'
AUTOMAKE='${SHELL} /home/disk1/zhangyuchao/extract_features_using_world/tools/SPTK-3.10/config/missing automake-1.15'
AWK='gawk'
CC='gcc'
CCDEPMODE='depmode=gcc3'
CFLAGS='-g -O2'
CPP='gcc -E'
CPPFLAGS=''
CSH='/bin/csh'
CXX='g++'
CXXDEPMODE='depmode=gcc3'
CXXFLAGS='-g -O2'
CYGPATH_W='echo'
DEFS='-DPACKAGE_NAME=\"SPTK\" -DPACKAGE_TARNAME=\"SPTK\" -DPACKAGE_VERSION=\"3.10\" -DPACKAGE_STRING=\"SPTK\ 3.10\" -DPACKAGE_BUGREPORT=\"http://sourceforge.net/projects/sp-tk/\" -DPACKAGE_URL=\"\" -DPACKAGE=\"SPTK\" -DVERSION=\"3.10\" -DHAVE_LIBM=1 -DSTDC_HEADERS=1 -DHAVE_SYS_TYPES_H=1 -DHAVE_SYS_STAT_H=1 -DHAVE_STDLIB_H=1 -DHAVE_STRING_H=1 -DHAVE_MEMORY_H=1 -DHAVE_STRINGS_H=1 -DHAVE_INTTYPES_H=1 -DHAVE_STDINT_H=1 -DHAVE_UNISTD_H=1 -DHAVE_FCNTL_H=1 -DHAVE_LIMITS_H=1 -DHAVE_STDLIB_H=1 -DHAVE_STRING_H=1 -DHAVE_STRINGS_H=1 -DHAVE_SYS_IOCTL_H=1 -DHAVE_STDLIB_H=1 -DHAVE_MALLOC=1 -DHAVE_BZERO=1 -DHAVE_MEMSET=1 -DHAVE_STRRCHR=1 -DHAVE_RINDEX=1 -DFORMAT=\"float\" -DLINUX=1'
DEPDIR='.deps'
ECHO_C=''
ECHO_N='-n'
ECHO_T=''
EGREP='/bin/grep -E'
EXEEXT=''
GREP='/bin/grep'
INSTALL_DATA='${INSTALL} -m 644'
INSTALL_PROGRAM='${INSTALL}'
INSTALL_SCRIPT='${INSTALL}'
INSTALL_STRIP_PROGRAM='$(install_sh) -c -s'
IO_FORMAT='float'
IO_SYMBOL='f'
LDFLAGS=''
LIBOBJS=''
LIBS='-lm '
LN_S='ln -s'
LTLIBOBJS=''
MAKEINFO='${SHELL} /home/disk1/zhangyuchao/extract_features_using_world/tools/SPTK-3.10/config/missing makeinfo'
MKDIR_P='/bin/mkdir -p'
OBJEXT='o'
PACKAGE='SPTK'
PACKAGE_BUGREPORT='http://sourceforge.net/projects/sp-tk/'
PACKAGE_NAME='SPTK'
PACKAGE_STRING='SPTK 3.10'
PACKAGE_TARNAME='SPTK'
PACKAGE_URL=''
PACKAGE_VERSION='3.10'
PATH_SEPARATOR=':'
POW_LIB=''
RANLIB='ranlib'
SET_MAKE=''
SHELL='/bin/sh'
STRIP=''
USEDA_FALSE='#'
USEDA_TRUE=''
USEXGR_FALSE='#'
USEXGR_TRUE=''
VERSION='3.10'
XMKMF=''
X_CFLAGS=''
X_EXTRA_LIBS=''
X_LIBS=''
X_PRE_LIBS=' -lSM -lICE'
ac_ct_CC='gcc'
ac_ct_CXX='g++'
am__EXEEXT_FALSE=''
am__EXEEXT_TRUE='#'
am__fastdepCC_FALSE='#'
am__fastdepCC_TRUE=''
am__fastdepCXX_FALSE='#'
am__fastdepCXX_TRUE=''
am__include='include'
am__isrc=''
am__leading_dot='.'
am__nodep='_no'
am__quote=''
am__tar='$${TAR-tar} chof - "$$tardir"'
am__untar='$${TAR-tar} xf -'
bindir='${exec_prefix}/bin'
build='x86_64-unknown-linux-gnu'
build_alias=''
build_cpu='x86_64'
build_os='linux-gnu'
build_vendor='unknown'
datadir='${datarootdir}'
datarootdir='${prefix}/share'
docdir='${datarootdir}/doc/${PACKAGE_TARNAME}'
dvidir='${docdir}'
exec_prefix='${prefix}'
host='x86_64-unknown-linux-gnu'
host_alias=''
host_cpu='x86_64'
host_os='linux-gnu'
host_vendor='unknown'
htmldir='${docdir}'
includedir='${prefix}/include'
infodir='${datarootdir}/info'
install_sh='${SHELL} /home/disk1/zhangyuchao/extract_features_using_world/tools/SPTK-3.10/config/install-sh'
libdir='${exec_prefix}/lib'
libexecdir='${exec_prefix}/libexec'
localedir='${datarootdir}/locale'
localstatedir='${prefix}/var'
mandir='${datarootdir}/man'
mkdir_p='$(MKDIR_P)'
oldincludedir='/usr/include'
pdfdir='${docdir}'
prefix='/home/disk1/zhangyuchao/extract_features_using_world/tools/SPTK-3.10/build'
program_transform_name='s,x,x,'
psdir='${docdir}'
runstatedir='${localstatedir}/run'
sbindir='${exec_prefix}/sbin'
sharedstatedir='${prefix}/com'
sysconfdir='${prefix}/etc'
target_alias=''

## ----------- ##
## confdefs.h. ##
## ----------- ##

/* confdefs.h */
#define PACKAGE_NAME "SPTK"
#define PACKAGE_TARNAME "SPTK"
#define PACKAGE_VERSION "3.10"
#define PACKAGE_STRING "SPTK 3.10"
#define PACKAGE_BUGREPORT "http://sourceforge.net/projects/sp-tk/"
#define PACKAGE_URL ""
#define PACKAGE "SPTK"
#define VERSION "3.10"
#define HAVE_LIBM 1
#define STDC_HEADERS 1
#define HAVE_SYS_TYPES_H 1
#define HAVE_SYS_STAT_H 1
#define HAVE_STDLIB_H 1
#define HAVE_STRING_H 1
#define HAVE_MEMORY_H 1
#define HAVE_STRINGS_H 1
#define HAVE_INTTYPES_H 1
#define HAVE_STDINT_H 1
#define HAVE_UNISTD_H 1
#define HAVE_FCNTL_H 1
#define HAVE_LIMITS_H 1
#define HAVE_STDLIB_H 1
#define HAVE_STRING_H 1
#define HAVE_STRINGS_H 1
#define HAVE_SYS_IOCTL_H 1
#define HAVE_STDLIB_H 1
#define HAVE_MALLOC 1
#define HAVE_BZERO 1
#define HAVE_MEMSET 1
#define HAVE_STRRCHR 1
#define HAVE_RINDEX 1
#define FORMAT "float"
#define LINUX 1

configure: exit 0
